2022-01-28 18:28:52,907 INFO o.h.v.i.u.Version [background-preinit] HV000001: Hibernate Validator 6.2.0.Final
2022-01-28 18:28:52,942 INFO o.s.b.StartupInfoLogger [restartedMain] Starting DentalClinicApplication using Java 16.0.2 on Fire_breath with PID 5064 (D:\DEVELOPER PLACE\Bussines\dentalapp-back\target\classes started by ASUS in D:\DEVELOPER PLACE\Bussines\dentalapp-back)
2022-01-28 18:28:52,945 DEBUG o.s.b.StartupInfoLogger [restartedMain] Running with Spring Boot v2.5.5, Spring v5.3.10
2022-01-28 18:28:52,946 INFO o.s.b.SpringApplication [restartedMain] The following profiles are active: dev
2022-01-28 18:28:52,979 INFO o.s.b.l.DeferredLog [restartedMain] Devtools property defaults active! Set 'spring.devtools.add-properties' to 'false' to disable
2022-01-28 18:28:52,980 INFO o.s.b.l.DeferredLog [restartedMain] For additional web related logging consider setting the 'logging.level.web' property to 'DEBUG'
2022-01-28 18:28:53,716 INFO o.s.d.r.c.RepositoryConfigurationDelegate [restartedMain] Bootstrapping Spring Data JPA repositories in DEFAULT mode.
2022-01-28 18:28:53,784 INFO o.s.d.r.c.RepositoryConfigurationDelegate [restartedMain] Finished Spring Data repository scanning in 61 ms. Found 4 JPA repository interfaces.
2022-01-28 18:28:54,067 INFO o.s.c.s.PostProcessorRegistrationDelegate$BeanPostProcessorChecker [restartedMain] Bean 'org.springframework.security.access.expression.method.DefaultMethodSecurityExpressionHandler@6a88b9d4' of type [org.springframework.security.access.expression.method.DefaultMethodSecurityExpressionHandler] is not eligible for getting processed by all BeanPostProcessors (for example: not eligible for auto-proxying)
2022-01-28 18:28:54,070 INFO o.s.c.s.PostProcessorRegistrationDelegate$BeanPostProcessorChecker [restartedMain] Bean 'methodSecurityMetadataSource' of type [org.springframework.security.access.method.DelegatingMethodSecurityMetadataSource] is not eligible for getting processed by all BeanPostProcessors (for example: not eligible for auto-proxying)
2022-01-28 18:28:54,286 INFO o.s.b.w.e.t.TomcatWebServer [restartedMain] Tomcat initialized with port(s): 8080 (http)
2022-01-28 18:28:54,294 INFO o.a.j.l.DirectJDKLog [restartedMain] Initializing ProtocolHandler ["http-nio-8080"]
2022-01-28 18:28:54,295 INFO o.a.j.l.DirectJDKLog [restartedMain] Starting service [Tomcat]
2022-01-28 18:28:54,295 INFO o.a.j.l.DirectJDKLog [restartedMain] Starting Servlet engine: [Apache Tomcat/9.0.53]
2022-01-28 18:28:54,376 INFO o.a.j.l.DirectJDKLog [restartedMain] Initializing Spring embedded WebApplicationContext
2022-01-28 18:28:54,376 INFO o.s.b.w.s.c.ServletWebServerApplicationContext [restartedMain] Root WebApplicationContext: initialization completed in 1396 ms
2022-01-28 18:28:54,411 INFO c.z.h.HikariDataSource [restartedMain] HikariPool-1 - Starting...
2022-01-28 18:28:54,558 INFO c.z.h.HikariDataSource [restartedMain] HikariPool-1 - Start completed.
2022-01-28 18:28:54,565 INFO o.s.b.a.h.H2ConsoleAutoConfiguration [restartedMain] H2 console available at '/h2-console'. Database available at 'jdbc:postgresql://localhost:5432/dental?sslmode=disable'
2022-01-28 18:28:54,660 INFO o.h.j.i.u.LogHelper [restartedMain] HHH000204: Processing PersistenceUnitInfo [name: default]
2022-01-28 18:28:54,705 INFO o.h.Version [restartedMain] HHH000412: Hibernate ORM core version 5.4.32.Final
2022-01-28 18:28:54,838 INFO o.h.a.c.r.j.JavaReflectionManager [restartedMain] HCANN000001: Hibernate Commons Annotations {5.1.2.Final}
2022-01-28 18:28:54,955 INFO o.h.d.Dialect [restartedMain] HHH000400: Using dialect: org.hibernate.dialect.PostgreSQLDialect
2022-01-28 18:28:56,231 INFO o.h.e.t.j.p.i.JtaPlatformInitiator [restartedMain] HHH000490: Using JtaPlatform implementation: [org.hibernate.engine.transaction.jta.platform.internal.NoJtaPlatform]
2022-01-28 18:28:56,238 INFO o.s.o.j.AbstractEntityManagerFactoryBean [restartedMain] Initialized JPA EntityManagerFactory for persistence unit 'default'
2022-01-28 18:28:56,655 WARN o.s.b.a.o.j.JpaBaseConfiguration$JpaWebConfiguration [restartedMain] spring.jpa.open-in-view is enabled by default. Therefore, database queries may be performed during view rendering. Explicitly configure spring.jpa.open-in-view to disable this warning
2022-01-28 18:28:57,077 INFO s.d.s.w.PropertySourcedRequestMappingHandlerMapping [restartedMain] Mapped URL path [/v2/api-docs] onto method [springfox.documentation.swagger2.web.Swagger2Controller#getDocumentation(String, HttpServletRequest)]
2022-01-28 18:28:57,209 INFO o.s.b.d.a.OptionalLiveReloadServer [restartedMain] LiveReload server is running on port 35729
2022-01-28 18:28:57,359 INFO o.s.s.w.DefaultSecurityFilterChain [restartedMain] Will secure Ant [pattern='/api/register'] with []
2022-01-28 18:28:57,359 INFO o.s.s.w.DefaultSecurityFilterChain [restartedMain] Will secure Ant [pattern='/api/_login'] with []
2022-01-28 18:28:57,360 INFO o.s.s.w.DefaultSecurityFilterChain [restartedMain] Will secure Ant [pattern='/open/**'] with []
2022-01-28 18:28:57,360 INFO o.s.s.w.DefaultSecurityFilterChain [restartedMain] Will secure Ant [pattern='/h2-console/**'] with []
2022-01-28 18:28:57,360 INFO o.s.s.w.DefaultSecurityFilterChain [restartedMain] Will secure Ant [pattern='/h2-console'] with []
2022-01-28 18:28:57,360 INFO o.s.s.w.DefaultSecurityFilterChain [restartedMain] Will secure Ant [pattern='/api/register'] with []
2022-01-28 18:28:57,360 INFO o.s.s.w.DefaultSecurityFilterChain [restartedMain] Will secure Ant [pattern='/webjars/**'] with []
2022-01-28 18:28:57,360 INFO o.s.s.w.DefaultSecurityFilterChain [restartedMain] Will secure Ant [pattern='/v2/api-docs/**'] with []
2022-01-28 18:28:57,360 INFO o.s.s.w.DefaultSecurityFilterChain [restartedMain] Will secure Ant [pattern='/swagger-resources/**'] with []
2022-01-28 18:28:57,360 INFO o.s.s.w.DefaultSecurityFilterChain [restartedMain] Will secure Ant [pattern='/swagger-ui.html'] with []
2022-01-28 18:28:57,361 INFO o.s.s.w.DefaultSecurityFilterChain [restartedMain] Will secure Ant [pattern='/swagger/**'] with []
2022-01-28 18:28:57,361 INFO o.s.s.w.DefaultSecurityFilterChain [restartedMain] Will secure Ant [pattern='/favicon.ico'] with []
2022-01-28 18:28:57,361 INFO o.s.s.w.DefaultSecurityFilterChain [restartedMain] Will secure Ant [pattern='/api/swagger.json'] with []
2022-01-28 18:28:57,361 INFO o.s.s.w.DefaultSecurityFilterChain [restartedMain] Will secure Ant [pattern='/actuator/health'] with []
2022-01-28 18:28:57,361 INFO o.s.s.w.DefaultSecurityFilterChain [restartedMain] Will secure Ant [pattern='/**', OPTIONS] with []
2022-01-28 18:28:57,386 INFO o.s.s.w.DefaultSecurityFilterChain [restartedMain] Will secure any request with [org.springframework.security.web.context.request.async.WebAsyncManagerIntegrationFilter@78cfa7cd, org.springframework.security.web.context.SecurityContextPersistenceFilter@56151ea4, org.springframework.security.web.header.HeaderWriterFilter@75b780d0, org.springframework.web.filter.CorsFilter@25b18c5b, org.springframework.security.web.authentication.logout.LogoutFilter@60b22969, com.clinic.dental.security.jwt.JwtTokenVerifier@78af7eb, org.springframework.security.web.savedrequest.RequestCacheAwareFilter@665d41eb, org.springframework.security.web.servletapi.SecurityContextHolderAwareRequestFilter@28b3b08, org.springframework.security.web.authentication.AnonymousAuthenticationFilter@4b13acc8, org.springframework.security.web.session.SessionManagementFilter@c002df8, org.springframework.security.web.access.ExceptionTranslationFilter@ad6c84f, org.springframework.security.web.access.intercept.FilterSecurityInterceptor@5323eedc]
2022-01-28 18:28:57,446 INFO o.a.j.l.DirectJDKLog [restartedMain] Starting ProtocolHandler ["http-nio-8080"]
2022-01-28 18:28:57,467 INFO o.s.b.w.e.t.TomcatWebServer [restartedMain] Tomcat started on port(s): 8080 (http) with context path ''
2022-01-28 18:28:57,468 INFO s.d.s.w.p.DocumentationPluginsBootstrapper [restartedMain] Context refreshed
2022-01-28 18:28:57,483 INFO s.d.s.w.p.DocumentationPluginsBootstrapper [restartedMain] Found 1 custom documentation plugin(s)
2022-01-28 18:28:57,503 INFO s.d.s.w.s.ApiListingReferenceScanner [restartedMain] Scanning for api listing references
2022-01-28 18:28:57,731 INFO o.s.b.StartupInfoLogger [restartedMain] Started DentalClinicApplication in 5.172 seconds (JVM running for 6.006)
2022-01-28 18:28:57,762 INFO c.c.d.m.a.ScheduledChangesAppointment [scheduling-1] Schedule run for status update!
2022-01-28 18:28:57,787 INFO c.c.d.m.a.ScheduledChangesAppointment [scheduling-1] Schedule run for feedback update!
2022-01-28 18:29:06,464 INFO o.a.j.l.DirectJDKLog [http-nio-8080-exec-2] Initializing Spring DispatcherServlet 'dispatcherServlet'
2022-01-28 18:29:06,464 INFO o.s.w.s.FrameworkServlet [http-nio-8080-exec-2] Initializing Servlet 'dispatcherServlet'
2022-01-28 18:29:06,465 INFO o.s.w.s.FrameworkServlet [http-nio-8080-exec-2] Completed initialization in 1 ms
2022-01-28 18:29:06,594 INFO c.c.d.m.u.s.i.UserServiceImpl [http-nio-8080-exec-1] Getting all users!
2022-01-28 18:29:23,546 INFO o.s.b.a.SpringApplicationAdminMXBeanRegistrar$SpringApplicationAdmin [RMI TCP Connection(10)-127.0.0.1] Application shutdown requested.
2022-01-28 18:29:23,577 INFO o.s.o.j.AbstractEntityManagerFactoryBean [RMI TCP Connection(10)-127.0.0.1] Closing JPA EntityManagerFactory for persistence unit 'default'
2022-01-28 18:29:23,580 INFO c.z.h.HikariDataSource [RMI TCP Connection(10)-127.0.0.1] HikariPool-1 - Shutdown initiated...
2022-01-28 18:29:23,582 INFO c.z.h.HikariDataSource [RMI TCP Connection(10)-127.0.0.1] HikariPool-1 - Shutdown completed.
